<?xml version="1.0" encoding="UTF-8"?>
<!-- Generated by org.testng.reporters.JUnitReportReporter -->
<testsuite hostname="Riddhi.local" failures="0" tests="4" name="tests.TrelloBoard" time="5.744" errors="0" timestamp="2023-10-06T17:27:04 GMT-04:00" skipped="0">
  <testcase classname="tests.TrelloBoard" name="createBoard" time="4.435"/>
  <testcase classname="tests.TrelloBoard" name="getBoard" time="0.373"/>
  <testcase classname="tests.TrelloBoard" name="updateBoard" time="0.657"/>
  <testcase classname="tests.TrelloBoard" name="deleteBoard" time="0.279"/>
</testsuite> <!-- tests.TrelloBoard -->
