<?xml version="1.0" encoding="UTF-8"?>
<!-- Generated by org.testng.reporters.JUnitReportReporter -->
<testsuite hostname="Riddhi.local" failures="0" tests="2" name="com.qa.api.tests.TrelloCreateBoard" time="6.456" errors="0" timestamp="2023-10-06T14:57:39 GMT-04:00" skipped="0">
  <testcase classname="com.qa.api.tests.TrelloCreateBoard" name="getBoard" time="0.629"/>
  <testcase classname="com.qa.api.tests.TrelloCreateBoard" name="createBoard" time="5.827"/>
</testsuite> <!-- com.qa.api.tests.TrelloCreateBoard -->
