<?xml version="1.0" encoding="UTF-8"?>
<!-- Generated by org.testng.reporters.JUnitReportReporter -->
<testsuite hostname="Riddhi.local" failures="0" tests="7" name="tests.TrelloList" time="2.816" errors="0" timestamp="2023-10-06T17:27:04 GMT-04:00" skipped="0">
  <testcase classname="tests.TrelloList" name="createBoard" time="0.569"/>
  <testcase classname="tests.TrelloList" name="createList" time="0.393"/>
  <testcase classname="tests.TrelloList" name="getList" time="0.315"/>
  <testcase classname="tests.TrelloList" name="updateList" time="0.576"/>
  <testcase classname="tests.TrelloList" name="archivelist" time="0.388"/>
  <testcase classname="tests.TrelloList" name="moveToBoard" time="0.297"/>
  <testcase classname="tests.TrelloList" name="deleteBoard" time="0.278"/>
</testsuite> <!-- tests.TrelloList -->
