<?xml version="1.0" encoding="UTF-8"?>
<!-- Generated by org.testng.reporters.JUnitReportReporter -->
<testsuite hostname="Riddhi.local" failures="0" tests="1" name="com.qa.api.tests.TrelloGetBoard" time="2.961" errors="0" timestamp="2023-10-06T14:41:29 GMT-04:00" skipped="0">
  <testcase classname="com.qa.api.tests.TrelloGetBoard" name="getBoard" time="2.961"/>
</testsuite> <!-- com.qa.api.tests.TrelloGetBoard -->
