<?xml version="1.0" encoding="UTF-8"?>
<!-- Generated by org.testng.reporters.JUnitReportReporter -->
<testsuite hostname="Riddhi.local" failures="0" tests="1" name="com.qa.api.tests.AmadeusFlightAPITest" time="2.306" errors="0" timestamp="2023-10-06T10:08:59 GMT-04:00" skipped="0">
  <testcase classname="com.qa.api.tests.AmadeusFlightAPITest" name="getFlightInfoTest" time="2.306"/>
</testsuite> <!-- com.qa.api.tests.AmadeusFlightAPITest -->
